<?xml version="1.0" encoding="UTF-8"?>
<testsuite xmlns:xsi="http://www.w3.org/2001/XMLSchema-instance" xsi:noNamespaceSchemaLocation="https://maven.apache.org/surefire/maven-surefire-plugin/xsd/surefire-test-report.xsd" name="aor.paj.bean.TaskBeanTest" time="0.082" tests="9" errors="3" skipped="0" failures="0">
  <properties>
[...]
</properties>
  <testcase name="testAddTask_Failure_InvalidData" classname="aor.paj.bean.TaskBeanTest" time="0.043"/>
  <testcase name="testDeleteTaskPermanently_Failure_TaskNotFound" classname="aor.paj.bean.TaskBeanTest" time="0.002"/>
  <testcase name="testAddTask_Success" classname="aor.paj.bean.TaskBeanTest" time="0.002">
    <error message="Cannot invoke &quot;java.lang.Integer.intValue()&quot; because the return value of &quot;aor.paj.dto.TaskDto.getStatus()&quot; is null" type="java.lang.NullPointerException">java.lang.NullPointerException: Cannot invoke "java.lang.Integer.intValue()" because the return value of "aor.paj.dto.TaskDto.getStatus()" is null
	at aor.paj.bean.TaskBeanTest.testAddTask_Success(TaskBeanTest.java:86)
</error>
  </testcase>
  <testcase name="testEditTask_Success" classname="aor.paj.bean.TaskBeanTest" time="0.002">
    <error message="Cannot invoke &quot;aor.paj.bean.StatisticsBean.broadcastTaskStatisticsUpdate()&quot; because &quot;this.statisticsBean&quot; is null" type="java.lang.NullPointerException">java.lang.NullPointerException: Cannot invoke "aor.paj.bean.StatisticsBean.broadcastTaskStatisticsUpdate()" because "this.statisticsBean" is null
	at aor.paj.bean.TaskBeanTest.testEditTask_Success(TaskBeanTest.java:114)
</error>
  </testcase>
  <testcase name="testEditTask_Failure_TaskNotFound" classname="aor.paj.bean.TaskBeanTest" time="0.002"/>
  <testcase name="testGetTaskById_Found" classname="aor.paj.bean.TaskBeanTest" time="0.002"/>
  <testcase name="testDeleteTaskPermanently_Success" classname="aor.paj.bean.TaskBeanTest" time="0.002">
    <error message="Cannot invoke &quot;aor.paj.bean.StatisticsBean.broadcastTaskStatisticsUpdate()&quot; because &quot;this.statisticsBean&quot; is null" type="java.lang.NullPointerException">java.lang.NullPointerException: Cannot invoke "aor.paj.bean.StatisticsBean.broadcastTaskStatisticsUpdate()" because "this.statisticsBean" is null
	at aor.paj.bean.TaskBeanTest.testDeleteTaskPermanently_Success(TaskBeanTest.java:137)
</error>
  </testcase>
  <testcase name="testDeleteTemporarily_Failure_TaskNotFound" classname="aor.paj.bean.TaskBeanTest" time="0.002"/>
  <testcase name="testDeleteTemporarily_Success" classname="aor.paj.bean.TaskBeanTest" time="0.02"/>
</testsuite>