<?xml version="1.0" encoding="UTF-8"?>
<testsuite xmlns:xsi="http://www.w3.org/2001/XMLSchema-instance" xsi:noNamespaceSchemaLocation="https://maven.apache.org/surefire/maven-surefire-plugin/xsd/surefire-test-report.xsd" name="aor.paj.bean.TaskBeanTest" time="0.069" tests="9" errors="5" skipped="0" failures="0">
  <properties>
[...]
</properties>
  <testcase name="testAddTask_Failure_InvalidData" classname="aor.paj.bean.TaskBeanTest" time="0.029"/>
  <testcase name="testDeleteTaskPermanently_Failure_TaskNotFound" classname="aor.paj.bean.TaskBeanTest" time="0.008">
    <error message="Invalid Task id " type="aor.paj.exception.EntityValidationException">aor.paj.exception.EntityValidationException: Invalid Task id 
	at aor.paj.bean.TaskBeanTest.testDeleteTaskPermanently_Failure_TaskNotFound(TaskBeanTest.java:182)
</error>
    <system-out><![CDATA[17:44:52.974 [main]       &amp#27;[32mWARN&amp#27;[m - Invalid Task id
]]></system-out>
  </testcase>
  <testcase name="testAddTask_Success" classname="aor.paj.bean.TaskBeanTest" time="0.003">
    <error message="Invalid token" type="aor.paj.exception.UserConfirmationException">aor.paj.exception.UserConfirmationException: Invalid token
	at aor.paj.bean.TaskBeanTest.testAddTask_Success(TaskBeanTest.java:85)
</error>
    <system-out><![CDATA[17:44:52.980 [main]       &amp#27;[32mWARN&amp#27;[m - Invalid token: validToken for task creation
]]></system-out>
  </testcase>
  <testcase name="testEditTask_Success" classname="aor.paj.bean.TaskBeanTest" time="0.002">
    <error message="Cannot invoke &quot;aor.paj.bean.StatisticsBean.broadcastTaskStatisticsUpdate()&quot; because &quot;this.statisticsBean&quot; is null" type="java.lang.NullPointerException">java.lang.NullPointerException: Cannot invoke "aor.paj.bean.StatisticsBean.broadcastTaskStatisticsUpdate()" because "this.statisticsBean" is null
	at aor.paj.bean.TaskBeanTest.testEditTask_Success(TaskBeanTest.java:112)
</error>
  </testcase>
  <testcase name="testEditTask_Failure_TaskNotFound" classname="aor.paj.bean.TaskBeanTest" time="0.002">
    <error message="Invalid Task id " type="aor.paj.exception.EntityValidationException">aor.paj.exception.EntityValidationException: Invalid Task id 
	at aor.paj.bean.TaskBeanTest.testEditTask_Failure_TaskNotFound(TaskBeanTest.java:162)
</error>
    <system-out><![CDATA[17:44:52.985 [main]       &amp#27;[32mWARN&amp#27;[m - Invalid Task id
]]></system-out>
  </testcase>
  <testcase name="testGetTaskById_Found" classname="aor.paj.bean.TaskBeanTest" time="0.002"/>
  <testcase name="testDeleteTaskPermanently_Success" classname="aor.paj.bean.TaskBeanTest" time="0.002">
    <error message="Cannot invoke &quot;aor.paj.bean.StatisticsBean.broadcastTaskStatisticsUpdate()&quot; because &quot;this.statisticsBean&quot; is null" type="java.lang.NullPointerException">java.lang.NullPointerException: Cannot invoke "aor.paj.bean.StatisticsBean.broadcastTaskStatisticsUpdate()" because "this.statisticsBean" is null
	at aor.paj.bean.TaskBeanTest.testDeleteTaskPermanently_Success(TaskBeanTest.java:134)
</error>
  </testcase>
  <testcase name="testDeleteTemporarily_Failure_TaskNotFound" classname="aor.paj.bean.TaskBeanTest" time="0.002"/>
  <testcase name="testDeleteTemporarily_Success" classname="aor.paj.bean.TaskBeanTest" time="0.017"/>
</testsuite>